Traceback (most recent call last):
  File "/Users/arthurkoehl/miniconda3/envs/ocr/lib/python3.10/site-packages/jupyter_cache/executors/utils.py", line 51, in single_nb_execution
    executenb(
  File "/Users/arthurkoehl/miniconda3/envs/ocr/lib/python3.10/site-packages/nbclient/client.py", line 1204, in execute
    return NotebookClient(nb=nb, resources=resources, km=km, **kwargs).execute()
  File "/Users/arthurkoehl/miniconda3/envs/ocr/lib/python3.10/site-packages/nbclient/util.py", line 84, in wrapped
    return just_run(coro(*args, **kwargs))
  File "/Users/arthurkoehl/miniconda3/envs/ocr/lib/python3.10/site-packages/nbclient/util.py", line 62, in just_run
    return loop.run_until_complete(coro)
  File "/Users/arthurkoehl/miniconda3/envs/ocr/lib/python3.10/asyncio/base_events.py", line 641, in run_until_complete
    return future.result()
  File "/Users/arthurkoehl/miniconda3/envs/ocr/lib/python3.10/site-packages/nbclient/client.py", line 663, in async_execute
    await self.async_execute_cell(
  File "/Users/arthurkoehl/miniconda3/envs/ocr/lib/python3.10/site-packages/nbclient/client.py", line 965, in async_execute_cell
    await self._check_raise_for_error(cell, cell_index, exec_reply)
  File "/Users/arthurkoehl/miniconda3/envs/ocr/lib/python3.10/site-packages/nbclient/client.py", line 862, in _check_raise_for_error
    raise CellExecutionError.from_cell_and_msg(cell, exec_reply_content)
nbclient.exceptions.CellExecutionError: An error occurred while executing the following cell:
------------------
pytesseract.image_to_string(simple_img)
------------------

[0;31m---------------------------------------------------------------------------[0m
[0;31mTesseractError[0m                            Traceback (most recent call last)
Input [0;32mIn [3][0m, in [0;36m<cell line: 1>[0;34m()[0m
[0;32m----> 1[0m [43mpytesseract[49m[38;5;241;43m.[39;49m[43mimage_to_string[49m[43m([49m[43msimple_img[49m[43m)[49m

File [0;32m~/miniconda3/envs/ocr/lib/python3.10/site-packages/pytesseract/pytesseract.py:423[0m, in [0;36mimage_to_string[0;34m(image, lang, config, nice, output_type, timeout)[0m
[1;32m    418[0m [38;5;124;03m"""[39;00m
[1;32m    419[0m [38;5;124;03mReturns the result of a Tesseract OCR run on the provided image to string[39;00m
[1;32m    420[0m [38;5;124;03m"""[39;00m
[1;32m    421[0m args [38;5;241m=[39m [image, [38;5;124m'[39m[38;5;124mtxt[39m[38;5;124m'[39m, lang, config, nice, timeout]
[0;32m--> 423[0m [38;5;28;01mreturn[39;00m [43m{[49m
[1;32m    424[0m [43m    [49m[43mOutput[49m[38;5;241;43m.[39;49m[43mBYTES[49m[43m:[49m[43m [49m[38;5;28;43;01mlambda[39;49;00m[43m:[49m[43m [49m[43mrun_and_get_output[49m[43m([49m[38;5;241;43m*[39;49m[43m([49m[43margs[49m[43m [49m[38;5;241;43m+[39;49m[43m [49m[43m[[49m[38;5;28;43;01mTrue[39;49;00m[43m][49m[43m)[49m[43m)[49m[43m,[49m
[1;32m    425[0m [43m    [49m[43mOutput[49m[38;5;241;43m.[39;49m[43mDICT[49m[43m:[49m[43m [49m[38;5;28;43;01mlambda[39;49;00m[43m:[49m[43m [49m[43m{[49m[38;5;124;43m'[39;49m[38;5;124;43mtext[39;49m[38;5;124;43m'[39;49m[43m:[49m[43m [49m[43mrun_and_get_output[49m[43m([49m[38;5;241;43m*[39;49m[43margs[49m[43m)[49m[43m}[49m[43m,[49m
[1;32m    426[0m [43m    [49m[43mOutput[49m[38;5;241;43m.[39;49m[43mSTRING[49m[43m:[49m[43m [49m[38;5;28;43;01mlambda[39;49;00m[43m:[49m[43m [49m[43mrun_and_get_output[49m[43m([49m[38;5;241;43m*[39;49m[43margs[49m[43m)[49m[43m,[49m
[1;32m    427[0m [43m[49m[43m}[49m[43m[[49m[43moutput_type[49m[43m][49m[43m([49m[43m)[49m

File [0;32m~/miniconda3/envs/ocr/lib/python3.10/site-packages/pytesseract/pytesseract.py:426[0m, in [0;36mimage_to_string.<locals>.<lambda>[0;34m()[0m
[1;32m    418[0m [38;5;124;03m"""[39;00m
[1;32m    419[0m [38;5;124;03mReturns the result of a Tesseract OCR run on the provided image to string[39;00m
[1;32m    420[0m [38;5;124;03m"""[39;00m
[1;32m    421[0m args [38;5;241m=[39m [image, [38;5;124m'[39m[38;5;124mtxt[39m[38;5;124m'[39m, lang, config, nice, timeout]
[1;32m    423[0m [38;5;28;01mreturn[39;00m {
[1;32m    424[0m     Output[38;5;241m.[39mBYTES: [38;5;28;01mlambda[39;00m: run_and_get_output([38;5;241m*[39m(args [38;5;241m+[39m [[38;5;28;01mTrue[39;00m])),
[1;32m    425[0m     Output[38;5;241m.[39mDICT: [38;5;28;01mlambda[39;00m: {[38;5;124m'[39m[38;5;124mtext[39m[38;5;124m'[39m: run_and_get_output([38;5;241m*[39margs)},
[0;32m--> 426[0m     Output[38;5;241m.[39mSTRING: [38;5;28;01mlambda[39;00m: [43mrun_and_get_output[49m[43m([49m[38;5;241;43m*[39;49m[43margs[49m[43m)[49m,
[1;32m    427[0m }[output_type]()

File [0;32m~/miniconda3/envs/ocr/lib/python3.10/site-packages/pytesseract/pytesseract.py:288[0m, in [0;36mrun_and_get_output[0;34m(image, extension, lang, config, nice, timeout, return_bytes)[0m
[1;32m    277[0m [38;5;28;01mwith[39;00m save(image) [38;5;28;01mas[39;00m (temp_name, input_filename):
[1;32m    278[0m     kwargs [38;5;241m=[39m {
[1;32m    279[0m         [38;5;124m'[39m[38;5;124minput_filename[39m[38;5;124m'[39m: input_filename,
[1;32m    280[0m         [38;5;124m'[39m[38;5;124moutput_filename_base[39m[38;5;124m'[39m: temp_name,
[0;32m   (...)[0m
[1;32m    285[0m         [38;5;124m'[39m[38;5;124mtimeout[39m[38;5;124m'[39m: timeout,
[1;32m    286[0m     }
[0;32m--> 288[0m     [43mrun_tesseract[49m[43m([49m[38;5;241;43m*[39;49m[38;5;241;43m*[39;49m[43mkwargs[49m[43m)[49m
[1;32m    289[0m     filename [38;5;241m=[39m [38;5;124mf[39m[38;5;124m"[39m[38;5;132;01m{[39;00mkwargs[[38;5;124m'[39m[38;5;124moutput_filename_base[39m[38;5;124m'[39m][38;5;132;01m}[39;00m[38;5;132;01m{[39;00mextsep[38;5;132;01m}[39;00m[38;5;132;01m{[39;00mextension[38;5;132;01m}[39;00m[38;5;124m"[39m
[1;32m    290[0m     [38;5;28;01mwith[39;00m [38;5;28mopen[39m(filename, [38;5;124m'[39m[38;5;124mrb[39m[38;5;124m'[39m) [38;5;28;01mas[39;00m output_file:

File [0;32m~/miniconda3/envs/ocr/lib/python3.10/site-packages/pytesseract/pytesseract.py:264[0m, in [0;36mrun_tesseract[0;34m(input_filename, output_filename_base, extension, lang, config, nice, timeout)[0m
[1;32m    262[0m [38;5;28;01mwith[39;00m timeout_manager(proc, timeout) [38;5;28;01mas[39;00m error_string:
[1;32m    263[0m     [38;5;28;01mif[39;00m proc[38;5;241m.[39mreturncode:
[0;32m--> 264[0m         [38;5;28;01mraise[39;00m TesseractError(proc[38;5;241m.[39mreturncode, get_errors(error_string))

[0;31mTesseractError[0m: (1, 'Error, cannot read input file /Users/arthurkoehl/programs/workshop_ocr_python/chapters/data/alice_start-gutenberg.jpg: No such file or directory Error during processing.')
TesseractError: (1, 'Error, cannot read input file /Users/arthurkoehl/programs/workshop_ocr_python/chapters/data/alice_start-gutenberg.jpg: No such file or directory Error during processing.')

